<?xml version="1.0" encoding="UTF-8"?>
<robot generator="Robot 7.0.1 (Python 3.11.9 on win32)" generated="2024-09-29T03:33:47.976076" rpa="false" schemaversion="5">
<suite id="s1" name="TC9-create post game test" source="D:\University Work\Year 4, Term 1\Advanced Software Testing (Naruephon)\Task\Task 2\Worapakorn644259018-Robot_Framework-main\TC9-create_post_game_test.robot">
<kw name="Create Folder For Screenshots" type="SETUP">
<kw name="Create Directory" owner="OperatingSystem">
<msg time="2024-09-29T03:33:48.782682" level="INFO" html="true">Directory '&lt;a href="file://D:\University Work\Year 4, Term 1\Advanced Software Testing (Naruephon)\Task\Task 2\Worapakorn644259018-Robot_Framework-main\screenshots"&gt;D:\University Work\Year 4, Term 1\Advanced Software Testing (Naruephon)\Task\Task 2\Worapakorn644259018-Robot_Framework-main\screenshots&lt;/a&gt;' already exists.</msg>
<arg>screenshots</arg>
<doc>Creates the specified directory.</doc>
<status status="PASS" start="2024-09-29T03:33:48.782682" elapsed="0.000000"/>
</kw>
<status status="PASS" start="2024-09-29T03:33:48.779683" elapsed="0.003999"/>
</kw>
<test id="s1-t1" name="TC 9001 ทดสอบการสร้างโพสต์นัดเล่น" line="18">
<kw name="Open Browser To Login Page" type="SETUP">
<kw name="Open Browser" owner="SeleniumLibrary">
<msg time="2024-09-29T03:33:48.788683" level="INFO">Opening browser 'chrome' to base url 'https://dicedreams-eta.vercel.app/sign-in#loaded'.</msg>
<arg>${URL}</arg>
<arg>${BROWSER}</arg>
<doc>Opens a new browser instance to the optional ``url``.</doc>
<status status="PASS" start="2024-09-29T03:33:48.787683" elapsed="7.995548"/>
</kw>
<kw name="Maximize Browser Window" owner="SeleniumLibrary">
<doc>Maximizes current browser window.</doc>
<status status="PASS" start="2024-09-29T03:33:56.784237" elapsed="0.081584"/>
</kw>
<status status="PASS" start="2024-09-29T03:33:48.786681" elapsed="8.080144"/>
</kw>
<kw name="Get Current Date" owner="DateTime">
<msg time="2024-09-29T03:33:56.869820" level="INFO">${TIMESTAMP} = 20240929_033356</msg>
<var>${TIMESTAMP}</var>
<arg>result_format=${TIME_FORMAT}</arg>
<doc>Returns current local or UTC time with an optional increment.</doc>
<status status="PASS" start="2024-09-29T03:33:56.868816" elapsed="0.002009"/>
</kw>
<kw name="Input Valid Credentials">
<kw name="Input Text" owner="SeleniumLibrary">
<msg time="2024-09-29T03:33:56.873817" level="INFO">Typing text 'worapakorn13' into text field 'id=identifier'.</msg>
<arg>id=identifier</arg>
<arg>worapakorn13</arg>
<doc>Types the given ``text`` into the text field identified by ``locator``.</doc>
<status status="PASS" start="2024-09-29T03:33:56.872818" elapsed="0.748908"/>
</kw>
<kw name="Input Text" owner="SeleniumLibrary">
<msg time="2024-09-29T03:33:57.622723" level="INFO">Typing text '123456' into text field 'id=password'.</msg>
<arg>id=password</arg>
<arg>123456</arg>
<doc>Types the given ``text`` into the text field identified by ``locator``.</doc>
<status status="PASS" start="2024-09-29T03:33:57.622723" elapsed="0.368062"/>
</kw>
<kw name="Click Button" owner="SeleniumLibrary">
<msg time="2024-09-29T03:33:57.991785" level="INFO">Clicking button 'xpath=//button[@type="submit"]'.</msg>
<arg>xpath=//button[@type="submit"]</arg>
<doc>Clicks the button identified by ``locator``.</doc>
<status status="PASS" start="2024-09-29T03:33:57.991785" elapsed="0.174299"/>
</kw>
<status status="PASS" start="2024-09-29T03:33:56.871819" elapsed="1.295266"/>
</kw>
<kw name="Wait Until Element Is Visible" owner="SeleniumLibrary">
<arg>xpath=//a[@id='Create-PostGames']</arg>
<arg>timeout=10s</arg>
<doc>Waits until the element ``locator`` is visible.</doc>
<status status="PASS" start="2024-09-29T03:33:58.168088" elapsed="1.688499"/>
</kw>
<kw name="Wait Until Element Is Enabled" owner="SeleniumLibrary">
<arg>xpath=//a[@id='Create-PostGames']</arg>
<arg>timeout=5s</arg>
<doc>Waits until the element ``locator`` is enabled.</doc>
<status status="PASS" start="2024-09-29T03:33:59.856587" elapsed="0.078002"/>
</kw>
<kw name="Scroll Element Into View" owner="SeleniumLibrary">
<arg>xpath=//a[@id='Create-PostGames']</arg>
<doc>Scrolls the element identified by ``locator`` into view.</doc>
<status status="PASS" start="2024-09-29T03:33:59.935594" elapsed="0.299231"/>
</kw>
<kw name="Click Element" owner="SeleniumLibrary">
<msg time="2024-09-29T03:34:00.235827" level="INFO">Clicking element 'xpath=//a[@id='Create-PostGames']'.</msg>
<arg>xpath=//a[@id='Create-PostGames']</arg>
<doc>Click the element identified by ``locator``.</doc>
<status status="PASS" start="2024-09-29T03:34:00.235827" elapsed="2.316747"/>
</kw>
<kw name="Wait Until Element Is Visible" owner="SeleniumLibrary">
<arg>xpath=//h4[contains(text(),'สร้างโพสต์นัดเล่น')]</arg>
<arg>timeout=10s</arg>
<doc>Waits until the element ``locator`` is visible.</doc>
<status status="PASS" start="2024-09-29T03:34:02.553571" elapsed="0.051557"/>
</kw>
<kw name="Click Element" owner="SeleniumLibrary">
<msg time="2024-09-29T03:34:02.606130" level="INFO">Clicking element 'id=game-select'.</msg>
<arg>id=game-select</arg>
<doc>Click the element identified by ``locator``.</doc>
<status status="PASS" start="2024-09-29T03:34:02.606130" elapsed="0.245317"/>
</kw>
<kw name="Wait Until Element Is Visible" owner="SeleniumLibrary">
<arg>xpath=//ul[@role='listbox']</arg>
<arg>timeout=5s</arg>
<doc>Waits until the element ``locator`` is visible.</doc>
<status status="PASS" start="2024-09-29T03:34:02.853450" elapsed="0.055593"/>
</kw>
<kw name="Scroll Element Into View" owner="SeleniumLibrary">
<arg>xpath=//li[contains(text(),'Magic the gathering')]</arg>
<doc>Scrolls the element identified by ``locator`` into view.</doc>
<status status="PASS" start="2024-09-29T03:34:02.910051" elapsed="0.319522"/>
</kw>
<kw name="Click Element" owner="SeleniumLibrary">
<msg time="2024-09-29T03:34:03.230571" level="INFO">Clicking element 'xpath=//li[contains(text(),'Magic the gathering')]'.</msg>
<arg>xpath=//li[contains(text(),'Magic the gathering')]</arg>
<doc>Click the element identified by ``locator``.</doc>
<status status="PASS" start="2024-09-29T03:34:03.230571" elapsed="0.326740"/>
</kw>
<kw name="Input Text" owner="SeleniumLibrary">
<msg time="2024-09-29T03:34:03.559313" level="INFO">Typing text 'เอา Magic the gathering ตัวเสริมมาด้วยก็ดีนะ เพราะเรามีแค่ตัวหลัก' into text field 'id=detail_post'.</msg>
<arg>id=detail_post</arg>
<arg>เอา Magic the gathering ตัวเสริมมาด้วยก็ดีนะ เพราะเรามีแค่ตัวหลัก</arg>
<doc>Types the given ``text`` into the text field identified by ``locator``.</doc>
<status status="PASS" start="2024-09-29T03:34:03.558307" elapsed="8.954779"/>
</kw>
<kw name="Set Variable" owner="BuiltIn">
<msg time="2024-09-29T03:34:12.515093" level="INFO">${js} = return document.querySelector('input[type="file"]').style.display = 'block';</msg>
<var>${js}</var>
<arg>return document.querySelector('input[type="file"]').style.display = 'block';</arg>
<doc>Returns the given values which can then be assigned to a variables.</doc>
<status status="PASS" start="2024-09-29T03:34:12.514086" elapsed="0.001998"/>
</kw>
<kw name="Execute Javascript" owner="SeleniumLibrary">
<msg time="2024-09-29T03:34:12.518086" level="INFO">Executing JavaScript:
return document.querySelector('input[type="file"]').style.display = 'block';
Without any arguments.</msg>
<arg>${js}</arg>
<doc>Executes the given JavaScript code with possible arguments.</doc>
<status status="PASS" start="2024-09-29T03:34:12.517080" elapsed="0.021854"/>
</kw>
<kw name="Choose File" owner="SeleniumLibrary">
<msg time="2024-09-29T03:34:12.540922" level="INFO">Sending D:\Users\Dell\Pictures\MagicTheGathering.jpg to browser.</msg>
<arg>xpath=//input[@type='file']</arg>
<arg>${UPLOAD_IMAGE_PATH}</arg>
<doc>Inputs the ``file_path`` into the file input field ``locator``.</doc>
<status status="PASS" start="2024-09-29T03:34:12.539928" elapsed="0.124543"/>
</kw>
<kw name="Sleep" owner="BuiltIn">
<msg time="2024-09-29T03:34:15.666668" level="INFO">Slept 3 seconds.</msg>
<arg>3s</arg>
<doc>Pauses the test executed for the given time.</doc>
<status status="PASS" start="2024-09-29T03:34:12.665464" elapsed="3.001204"/>
</kw>
<kw name="Scroll Element Into View" owner="SeleniumLibrary">
<arg>id=PostGames</arg>
<doc>Scrolls the element identified by ``locator`` into view.</doc>
<status status="PASS" start="2024-09-29T03:34:15.667688" elapsed="0.319265"/>
</kw>
<kw name="Wait Until Element Is Visible" owner="SeleniumLibrary">
<arg>id=PostGames</arg>
<arg>timeout=5s</arg>
<doc>Waits until the element ``locator`` is visible.</doc>
<status status="PASS" start="2024-09-29T03:34:15.987965" elapsed="0.044019"/>
</kw>
<kw name="Wait Until Element Is Enabled" owner="SeleniumLibrary">
<arg>id=PostGames</arg>
<arg>timeout=5s</arg>
<doc>Waits until the element ``locator`` is enabled.</doc>
<status status="PASS" start="2024-09-29T03:34:16.033509" elapsed="0.073610"/>
</kw>
<kw name="Click Button" owner="SeleniumLibrary">
<msg time="2024-09-29T03:34:16.111120" level="INFO">Clicking button 'id=PostGames'.</msg>
<arg>id=PostGames</arg>
<doc>Clicks the button identified by ``locator``.</doc>
<status status="PASS" start="2024-09-29T03:34:16.110115" elapsed="0.274751"/>
</kw>
<kw name="Wait Until Element Is Visible" owner="SeleniumLibrary">
<msg time="2024-09-29T03:34:47.404017" level="INFO" html="true">&lt;/td&gt;&lt;/tr&gt;&lt;tr&gt;&lt;td colspan="3"&gt;&lt;a href="selenium-screenshot-126.png"&gt;&lt;img src="selenium-screenshot-126.png" width="800px"&gt;&lt;/a&gt;</msg>
<msg time="2024-09-29T03:34:47.404017" level="FAIL">Element '//div[contains(@class, 'MuiAlert-message') and contains(text(), 'สร้างโพสต์สำเร็จ!')]' not visible after 30 seconds.</msg>
<arg>//div[contains(@class, 'MuiAlert-message') and contains(text(), 'สร้างโพสต์สำเร็จ!')]</arg>
<arg>timeout=30s</arg>
<doc>Waits until the element ``locator`` is visible.</doc>
<status status="FAIL" start="2024-09-29T03:34:16.386032" elapsed="31.475722">Element '//div[contains(@class, 'MuiAlert-message') and contains(text(), 'สร้างโพสต์สำเร็จ!')]' not visible after 30 seconds.</status>
</kw>
<kw name="Capture Page Screenshot" owner="SeleniumLibrary">
<arg>screenshots/TC-9/TC9001-success_${TIMESTAMP}.png</arg>
<doc>Takes a screenshot of the current page and embeds it into a log file.</doc>
<status status="NOT RUN" start="2024-09-29T03:34:47.863760" elapsed="0.000000"/>
</kw>
<kw name="Close Browser" owner="SeleniumLibrary" type="TEARDOWN">
<doc>Closes the current browser.</doc>
<status status="PASS" start="2024-09-29T03:34:47.864751" elapsed="2.568933"/>
</kw>
<doc>ทดสอบการสร้างโพสต์นัดเล่น</doc>
<tag>create_post</tag>
<tag>positive</tag>
<status status="FAIL" start="2024-09-29T03:33:48.783682" elapsed="61.651004">Element '//div[contains(@class, 'MuiAlert-message') and contains(text(), 'สร้างโพสต์สำเร็จ!')]' not visible after 30 seconds.</status>
</test>
<doc>Test cases for user login functionality.</doc>
<status status="FAIL" start="2024-09-29T03:33:47.981073" elapsed="62.455613"/>
</suite>
<statistics>
<total>
<stat pass="0" fail="1" skip="0">All Tests</stat>
</total>
<tag>
<stat pass="0" fail="1" skip="0">create_post</stat>
<stat pass="0" fail="1" skip="0">positive</stat>
</tag>
<suite>
<stat pass="0" fail="1" skip="0" id="s1" name="TC9-create post game test">TC9-create post game test</stat>
</suite>
</statistics>
<errors>
</errors>
</robot>
